<?xml version="1.0" encoding="UTF-8"?>
<!-- Generated by org.testng.reporters.JUnitReportReporter -->
<testsuite hostname="DESKTOP-HOF3APB" failures="0" tests="2" name="variousConcepts.LearnParallelExecution" time="82.995" errors="0" timestamp="2024-08-18T10:24:05 CDT" skipped="0">
  <testcase classname="variousConcepts.LearnParallelExecution" name="FirefoxTest" time="50.992"/>
  <system-out/>
  <testcase classname="variousConcepts.LearnParallelExecution" name="ChromeTest" time="32.003"/>
  <system-out/>
</testsuite> <!-- variousConcepts.LearnParallelExecution -->
