<?xml version="1.0" encoding="UTF-8"?>
<!-- Generated by org.testng.reporters.JUnitReportReporter -->
<testsuite hostname="DESKTOP-HOF3APB" failures="0" tests="2" name="variousConcepts.LearnDataProvider" time="20.376" errors="0" timestamp="2024-08-18T11:11:29 CDT" skipped="0">
  <testcase classname="variousConcepts.LearnDataProvider" name="loginTest" time="9.596"/>
  <system-out/>
  <testcase classname="variousConcepts.LearnDataProvider" name="loginTest" time="10.780"/>
  <system-out/>
</testsuite> <!-- variousConcepts.LearnDataProvider -->
